<?xml version="1.0" encoding="UTF-8" ?>
<testsuite tests="255" failures="0" name="runner.runnerfile" time="2.407" errors="0" skipped="0">
  <properties>
    <property name="java.runtime.name" value="Java(TM) SE Runtime Environment"/>
    <property name="sun.boot.library.path" value="C:\Program Files\Java\jdk1.8.0_241\jre\bin"/>
    <property name="java.vm.version" value="25.241-b07"/>
    <property name="java.vm.vendor" value="Oracle Corporation"/>
    <property name="java.vendor.url" value="http://java.oracle.com/"/>
    <property name="path.separator" value=";"/>
    <property name="java.vm.name" value="Java HotSpot(TM) 64-Bit Server VM"/>
    <property name="file.encoding.pkg" value="sun.io"/>
    <property name="user.script" value=""/>
    <property name="user.country" value="IN"/>
    <property name="sun.java.launcher" value="SUN_STANDARD"/>
    <property name="sun.os.patch.level" value=""/>
    <property name="test" value="runnerfile"/>
    <property name="java.vm.specification.name" value="Java Virtual Machine Specification"/>
    <property name="user.dir" value="C:\Users\tanumay123\Desktop\PRACTICE_ALL\cucumber1"/>
    <property name="java.runtime.version" value="1.8.0_241-b07"/>
    <property name="java.awt.graphicsenv" value="sun.awt.Win32GraphicsEnvironment"/>
    <property name="basedir" value="C:\Users\tanumay123\Desktop\PRACTICE_ALL\cucumber1"/>
    <property name="java.endorsed.dirs" value="C:\Program Files\Java\jdk1.8.0_241\jre\lib\endorsed"/>
    <property name="os.arch" value="amd64"/>
    <property name="surefire.real.class.path" value="C:\Users\tanumay123\Desktop\PRACTICE_ALL\cucumber1\target\surefire\surefirebooter7025263727058649738.jar"/>
    <property name="java.io.tmpdir" value="C:\Users\TANUMA~1\AppData\Local\Temp\"/>
    <property name="line.separator" value="
"/>
    <property name="java.vm.specification.vendor" value="Oracle Corporation"/>
    <property name="user.variant" value=""/>
    <property name="os.name" value="Windows 10"/>
    <property name="sun.jnu.encoding" value="Cp1252"/>
    <property name="java.library.path" value="C:\Program Files\Java\jdk1.8.0_241\jre\bin;C:\windows\Sun\Java\bin;C:\windows\system32;C:\windows;C:\Program Files (x86)\Microsoft SDKs\Azure\CLI2\wbin;C:\Program Files (x86)\Common Files\Oracle\Java\javapath;C:\windows\system32;C:\windows;C:\windows\System32\Wbem;C:\windows\System32\WindowsPowerShell\v1.0\;C:\windows\System32\OpenSSH\;C:\strawberry\c\bin;C:\strawberry\perl\bin;C:\bin;C:\Program Files\nodejs\;C:\Users\tanumay123\AppData\Local\Android\sdk\tools\bin;C:\Program Files\Java\jdk1.8.0_241\bin;C:\Program Files\PuTTY\;C:\Program Files\apache-maven-3.6.3;C:\Program Files\Java\jdk1.8.0_241;C:\Program Files\apache-maven-3.6.3\bin;C:\Program Files\Git\cmd;C:\Program Files\Java\jre1.8.0_261\bin;C:\Program Files\Docker\Docker\resources\bin;C:\ProgramData\DockerDesktop\version-bin;C:\Program Files\Docker\Docker\resources\bin;C:\Program Files\Java\jdk1.8.0_241\bin;C:\Users\tanumay123\AppData\Roaming\npm;C:\Users\tanumay123\AppData\Local\Programs\Python\Python37;C:\Users\tanumay123\AppData\Local\Programs\Python\Python37\Scripts;;."/>
    <property name="surefire.test.class.path" value="C:\Users\tanumay123\Desktop\PRACTICE_ALL\cucumber1\target\test-classes;C:\Users\tanumay123\Desktop\PRACTICE_ALL\cucumber1\target\classes;C:\Users\tanumay123\.m2\repository\info\cukes\cucumber-java\1.2.5\cucumber-java-1.2.5.jar;C:\Users\tanumay123\.m2\repository\info\cukes\cucumber-core\1.2.5\cucumber-core-1.2.5.jar;C:\Users\tanumay123\.m2\repository\info\cukes\cucumber-html\0.2.3\cucumber-html-0.2.3.jar;C:\Users\tanumay123\.m2\repository\info\cukes\cucumber-jvm-deps\1.0.5\cucumber-jvm-deps-1.0.5.jar;C:\Users\tanumay123\.m2\repository\info\cukes\gherkin\2.12.2\gherkin-2.12.2.jar;C:\Users\tanumay123\.m2\repository\org\seleniumhq\selenium\selenium-java\3.141.59\selenium-java-3.141.59.jar;C:\Users\tanumay123\.m2\repository\org\seleniumhq\selenium\selenium-api\3.141.59\selenium-api-3.141.59.jar;C:\Users\tanumay123\.m2\repository\org\seleniumhq\selenium\selenium-chrome-driver\3.141.59\selenium-chrome-driver-3.141.59.jar;C:\Users\tanumay123\.m2\repository\org\seleniumhq\selenium\selenium-edge-driver\3.141.59\selenium-edge-driver-3.141.59.jar;C:\Users\tanumay123\.m2\repository\org\seleniumhq\selenium\selenium-firefox-driver\3.141.59\selenium-firefox-driver-3.141.59.jar;C:\Users\tanumay123\.m2\repository\org\seleniumhq\selenium\selenium-ie-driver\3.141.59\selenium-ie-driver-3.141.59.jar;C:\Users\tanumay123\.m2\repository\org\seleniumhq\selenium\selenium-opera-driver\3.141.59\selenium-opera-driver-3.141.59.jar;C:\Users\tanumay123\.m2\repository\org\seleniumhq\selenium\selenium-remote-driver\3.141.59\selenium-remote-driver-3.141.59.jar;C:\Users\tanumay123\.m2\repository\org\seleniumhq\selenium\selenium-safari-driver\3.141.59\selenium-safari-driver-3.141.59.jar;C:\Users\tanumay123\.m2\repository\org\seleniumhq\selenium\selenium-support\3.141.59\selenium-support-3.141.59.jar;C:\Users\tanumay123\.m2\repository\net\bytebuddy\byte-buddy\1.8.15\byte-buddy-1.8.15.jar;C:\Users\tanumay123\.m2\repository\org\apache\commons\commons-exec\1.3\commons-exec-1.3.jar;C:\Users\tanumay123\.m2\repository\com\google\guava\guava\25.0-jre\guava-25.0-jre.jar;C:\Users\tanumay123\.m2\repository\com\google\code\findbugs\jsr305\1.3.9\jsr305-1.3.9.jar;C:\Users\tanumay123\.m2\repository\org\checkerframework\checker-compat-qual\2.0.0\checker-compat-qual-2.0.0.jar;C:\Users\tanumay123\.m2\repository\com\google\errorprone\error_prone_annotations\2.1.3\error_prone_annotations-2.1.3.jar;C:\Users\tanumay123\.m2\repository\com\google\j2objc\j2objc-annotations\1.1\j2objc-annotations-1.1.jar;C:\Users\tanumay123\.m2\repository\org\codehaus\mojo\animal-sniffer-annotations\1.14\animal-sniffer-annotations-1.14.jar;C:\Users\tanumay123\.m2\repository\com\squareup\okhttp3\okhttp\3.11.0\okhttp-3.11.0.jar;C:\Users\tanumay123\.m2\repository\com\squareup\okio\okio\1.14.0\okio-1.14.0.jar;C:\Users\tanumay123\.m2\repository\info\cukes\cucumber-junit\1.2.4\cucumber-junit-1.2.4.jar;C:\Users\tanumay123\.m2\repository\junit\junit\4.11\junit-4.11.jar;C:\Users\tanumay123\.m2\repository\org\hamcrest\hamcrest-core\1.3\hamcrest-core-1.3.jar;"/>
    <property name="java.specification.name" value="Java Platform API Specification"/>
    <property name="java.class.version" value="52.0"/>
    <property name="sun.management.compiler" value="HotSpot 64-Bit Tiered Compilers"/>
    <property name="os.version" value="10.0"/>
    <property name="user.home" value="C:\Users\tanumay123"/>
    <property name="user.timezone" value="Asia/Calcutta"/>
    <property name="java.awt.printerjob" value="sun.awt.windows.WPrinterJob"/>
    <property name="java.specification.version" value="1.8"/>
    <property name="file.encoding" value="Cp1252"/>
    <property name="user.name" value="tanumay123"/>
    <property name="java.class.path" value="C:\Users\tanumay123\Desktop\PRACTICE_ALL\cucumber1\target\test-classes;C:\Users\tanumay123\Desktop\PRACTICE_ALL\cucumber1\target\classes;C:\Users\tanumay123\.m2\repository\info\cukes\cucumber-java\1.2.5\cucumber-java-1.2.5.jar;C:\Users\tanumay123\.m2\repository\info\cukes\cucumber-core\1.2.5\cucumber-core-1.2.5.jar;C:\Users\tanumay123\.m2\repository\info\cukes\cucumber-html\0.2.3\cucumber-html-0.2.3.jar;C:\Users\tanumay123\.m2\repository\info\cukes\cucumber-jvm-deps\1.0.5\cucumber-jvm-deps-1.0.5.jar;C:\Users\tanumay123\.m2\repository\info\cukes\gherkin\2.12.2\gherkin-2.12.2.jar;C:\Users\tanumay123\.m2\repository\org\seleniumhq\selenium\selenium-java\3.141.59\selenium-java-3.141.59.jar;C:\Users\tanumay123\.m2\repository\org\seleniumhq\selenium\selenium-api\3.141.59\selenium-api-3.141.59.jar;C:\Users\tanumay123\.m2\repository\org\seleniumhq\selenium\selenium-chrome-driver\3.141.59\selenium-chrome-driver-3.141.59.jar;C:\Users\tanumay123\.m2\repository\org\seleniumhq\selenium\selenium-edge-driver\3.141.59\selenium-edge-driver-3.141.59.jar;C:\Users\tanumay123\.m2\repository\org\seleniumhq\selenium\selenium-firefox-driver\3.141.59\selenium-firefox-driver-3.141.59.jar;C:\Users\tanumay123\.m2\repository\org\seleniumhq\selenium\selenium-ie-driver\3.141.59\selenium-ie-driver-3.141.59.jar;C:\Users\tanumay123\.m2\repository\org\seleniumhq\selenium\selenium-opera-driver\3.141.59\selenium-opera-driver-3.141.59.jar;C:\Users\tanumay123\.m2\repository\org\seleniumhq\selenium\selenium-remote-driver\3.141.59\selenium-remote-driver-3.141.59.jar;C:\Users\tanumay123\.m2\repository\org\seleniumhq\selenium\selenium-safari-driver\3.141.59\selenium-safari-driver-3.141.59.jar;C:\Users\tanumay123\.m2\repository\org\seleniumhq\selenium\selenium-support\3.141.59\selenium-support-3.141.59.jar;C:\Users\tanumay123\.m2\repository\net\bytebuddy\byte-buddy\1.8.15\byte-buddy-1.8.15.jar;C:\Users\tanumay123\.m2\repository\org\apache\commons\commons-exec\1.3\commons-exec-1.3.jar;C:\Users\tanumay123\.m2\repository\com\google\guava\guava\25.0-jre\guava-25.0-jre.jar;C:\Users\tanumay123\.m2\repository\com\google\code\findbugs\jsr305\1.3.9\jsr305-1.3.9.jar;C:\Users\tanumay123\.m2\repository\org\checkerframework\checker-compat-qual\2.0.0\checker-compat-qual-2.0.0.jar;C:\Users\tanumay123\.m2\repository\com\google\errorprone\error_prone_annotations\2.1.3\error_prone_annotations-2.1.3.jar;C:\Users\tanumay123\.m2\repository\com\google\j2objc\j2objc-annotations\1.1\j2objc-annotations-1.1.jar;C:\Users\tanumay123\.m2\repository\org\codehaus\mojo\animal-sniffer-annotations\1.14\animal-sniffer-annotations-1.14.jar;C:\Users\tanumay123\.m2\repository\com\squareup\okhttp3\okhttp\3.11.0\okhttp-3.11.0.jar;C:\Users\tanumay123\.m2\repository\com\squareup\okio\okio\1.14.0\okio-1.14.0.jar;C:\Users\tanumay123\.m2\repository\info\cukes\cucumber-junit\1.2.4\cucumber-junit-1.2.4.jar;C:\Users\tanumay123\.m2\repository\junit\junit\4.11\junit-4.11.jar;C:\Users\tanumay123\.m2\repository\org\hamcrest\hamcrest-core\1.3\hamcrest-core-1.3.jar;"/>
    <property name="java.vm.specification.version" value="1.8"/>
    <property name="sun.arch.data.model" value="64"/>
    <property name="java.home" value="C:\Program Files\Java\jdk1.8.0_241\jre"/>
    <property name="sun.java.command" value="C:\Users\tanumay123\Desktop\PRACTICE_ALL\cucumber1\target\surefire\surefirebooter7025263727058649738.jar C:\Users\tanumay123\Desktop\PRACTICE_ALL\cucumber1\target\surefire\surefire7787616009373379994tmp C:\Users\tanumay123\Desktop\PRACTICE_ALL\cucumber1\target\surefire\surefire6312260688212995747tmp"/>
    <property name="java.specification.vendor" value="Oracle Corporation"/>
    <property name="user.language" value="en"/>
    <property name="awt.toolkit" value="sun.awt.windows.WToolkit"/>
    <property name="java.vm.info" value="mixed mode"/>
    <property name="java.version" value="1.8.0_241"/>
    <property name="java.ext.dirs" value="C:\Program Files\Java\jdk1.8.0_241\jre\lib\ext;C:\windows\Sun\Java\lib\ext"/>
    <property name="sun.boot.class.path" value="C:\Program Files\Java\jdk1.8.0_241\jre\lib\resources.jar;C:\Program Files\Java\jdk1.8.0_241\jre\lib\rt.jar;C:\Program Files\Java\jdk1.8.0_241\jre\lib\sunrsasign.jar;C:\Program Files\Java\jdk1.8.0_241\jre\lib\jsse.jar;C:\Program Files\Java\jdk1.8.0_241\jre\lib\jce.jar;C:\Program Files\Java\jdk1.8.0_241\jre\lib\charsets.jar;C:\Program Files\Java\jdk1.8.0_241\jre\lib\jfr.jar;C:\Program Files\Java\jdk1.8.0_241\jre\classes"/>
    <property name="java.vendor" value="Oracle Corporation"/>
    <property name="localRepository" value="C:\Users\tanumay123\.m2\repository"/>
    <property name="file.separator" value="\"/>
    <property name="java.vendor.url.bug" value="http://bugreport.sun.com/bugreport/"/>
    <property name="sun.cpu.endian" value="little"/>
    <property name="sun.io.unicode.encoding" value="UnicodeLittle"/>
    <property name="sun.desktop" value="windows"/>
    <property name="sun.cpu.isalist" value="amd64"/>
  </properties>
  <testcase classname="| Admin | Admin123 |" name="Given user login to application" time="0"/>
  <testcase classname="| Admin | Admin123 |" name="When user logged in valid &quot;Admin&quot; and &quot;Admin123&quot;" time="0"/>
  <testcase classname="| Admin | Admin123 |" name="And user than selects Day and Month" time="0"/>
  <testcase classname="| Admin | Admin123 |" name="Then user able to view home page successfully." time="0"/>
  <testcase classname="| Admin | Admin123 |" name="| Admin | Admin123 |" time="0"/>
  <testcase classname="| Admin | Admin123 |" name="Given user login to application" time="0"/>
  <testcase classname="| Admin | Admin123 |" name="When user logged in valid &quot;Admin&quot; and &quot;Admin123&quot;" time="0"/>
  <testcase classname="| Admin | Admin123 |" name="And user than selects Day and Month" time="0"/>
  <testcase classname="| Admin | Admin123 |" name="Then user able to view home page successfully." time="0"/>
  <testcase classname="| Admin | Admin123 |" name="| Admin | Admin123 |" time="0"/>
  <testcase classname="| Admin | Admin123 |" name="Given user login to application" time="0"/>
  <testcase classname="| Admin | Admin123 |" name="When user logged in valid &quot;Admin&quot; and &quot;Admin123&quot;" time="0"/>
  <testcase classname="| Admin | Admin123 |" name="And user than selects Day and Month" time="0"/>
  <testcase classname="| Admin | Admin123 |" name="Then user able to view home page successfully." time="0"/>
  <testcase classname="| Admin | Admin123 |" name="| Admin | Admin123 |" time="0"/>
  <testcase classname="| Admin | Admin123 |" name="Given user login to application" time="0"/>
  <testcase classname="| Admin | Admin123 |" name="When user logged in valid &quot;Admin&quot; and &quot;Admin123&quot;" time="0"/>
  <testcase classname="| Admin | Admin123 |" name="And user than selects Day and Month" time="0"/>
  <testcase classname="| Admin | Admin123 |" name="Then user able to view home page successfully." time="0"/>
  <testcase classname="| Admin | Admin123 |" name="| Admin | Admin123 |" time="0"/>
  <testcase classname="| Admin | Admin123 |" name="Given user login to application" time="0"/>
  <testcase classname="| Admin | Admin123 |" name="When user logged in valid &quot;Admin&quot; and &quot;Admin123&quot;" time="0"/>
  <testcase classname="| Admin | Admin123 |" name="And user than selects Day and Month" time="0"/>
  <testcase classname="| Admin | Admin123 |" name="Then user able to view home page successfully." time="0"/>
  <testcase classname="| Admin | Admin123 |" name="| Admin | Admin123 |" time="0"/>
  <testcase classname="| Admin | Admin123 |" name="Given user login to application" time="0"/>
  <testcase classname="| Admin | Admin123 |" name="When user logged in valid &quot;Admin&quot; and &quot;Admin123&quot;" time="0"/>
  <testcase classname="| Admin | Admin123 |" name="And user than selects Day and Month" time="0"/>
  <testcase classname="| Admin | Admin123 |" name="Then user able to view home page successfully." time="0"/>
  <testcase classname="| Admin | Admin123 |" name="| Admin | Admin123 |" time="0"/>
  <testcase classname="| Admin | Admin123 |" name="Given user login to application" time="0"/>
  <testcase classname="| Admin | Admin123 |" name="When user logged in valid &quot;Admin&quot; and &quot;Admin123&quot;" time="0"/>
  <testcase classname="| Admin | Admin123 |" name="And user than selects Day and Month" time="0"/>
  <testcase classname="| Admin | Admin123 |" name="Then user able to view home page successfully." time="0"/>
  <testcase classname="| Admin | Admin123 |" name="| Admin | Admin123 |" time="0"/>
  <testcase classname="| Admin | Admin123 |" name="Given user login to application" time="0"/>
  <testcase classname="| Admin | Admin123 |" name="When user logged in valid &quot;Admin&quot; and &quot;Admin123&quot;" time="0"/>
  <testcase classname="| Admin | Admin123 |" name="And user than selects Day and Month" time="0"/>
  <testcase classname="| Admin | Admin123 |" name="Then user able to view home page successfully." time="0"/>
  <testcase classname="| Admin | Admin123 |" name="| Admin | Admin123 |" time="0"/>
  <testcase classname="| Admin | Admin123 |" name="Given user login to application" time="0"/>
  <testcase classname="| Admin | Admin123 |" name="When user logged in valid &quot;Admin&quot; and &quot;Admin123&quot;" time="0"/>
  <testcase classname="| Admin | Admin123 |" name="And user than selects Day and Month" time="0"/>
  <testcase classname="| Admin | Admin123 |" name="Then user able to view home page successfully." time="0"/>
  <testcase classname="| Admin | Admin123 |" name="| Admin | Admin123 |" time="0"/>
  <testcase classname="| Admin | Admin123 |" name="Given user login to application" time="0"/>
  <testcase classname="| Admin | Admin123 |" name="When user logged in valid &quot;Admin&quot; and &quot;Admin123&quot;" time="0"/>
  <testcase classname="| Admin | Admin123 |" name="And user than selects Day and Month" time="0"/>
  <testcase classname="| Admin | Admin123 |" name="Then user able to view home page successfully." time="0"/>
  <testcase classname="| Admin | Admin123 |" name="| Admin | Admin123 |" time="0"/>
  <testcase classname="| Admin | Admin123 |" name="Given user login to application" time="0"/>
  <testcase classname="| Admin | Admin123 |" name="When user logged in valid &quot;Admin&quot; and &quot;Admin123&quot;" time="0"/>
  <testcase classname="| Admin | Admin123 |" name="And user than selects Day and Month" time="0"/>
  <testcase classname="| Admin | Admin123 |" name="Then user able to view home page successfully." time="0"/>
  <testcase classname="| Admin | Admin123 |" name="| Admin | Admin123 |" time="0"/>
  <testcase classname="| Admin | Admin123 |" name="Given user login to application" time="0"/>
  <testcase classname="| Admin | Admin123 |" name="When user logged in valid &quot;Admin&quot; and &quot;Admin123&quot;" time="0"/>
  <testcase classname="| Admin | Admin123 |" name="And user than selects Day and Month" time="0"/>
  <testcase classname="| Admin | Admin123 |" name="Then user able to view home page successfully." time="0"/>
  <testcase classname="| Admin | Admin123 |" name="| Admin | Admin123 |" time="0"/>
  <testcase classname="| Admin | Admin123 |" name="Given user login to application" time="0"/>
  <testcase classname="| Admin | Admin123 |" name="When user logged in valid &quot;Admin&quot; and &quot;Admin123&quot;" time="0"/>
  <testcase classname="| Admin | Admin123 |" name="And user than selects Day and Month" time="0"/>
  <testcase classname="| Admin | Admin123 |" name="Then user able to view home page successfully." time="0"/>
  <testcase classname="| Admin | Admin123 |" name="| Admin | Admin123 |" time="0"/>
  <testcase classname="| Admin | Admin123 |" name="Given user login to application" time="0"/>
  <testcase classname="| Admin | Admin123 |" name="When user logged in valid &quot;Admin&quot; and &quot;Admin123&quot;" time="0"/>
  <testcase classname="| Admin | Admin123 |" name="And user than selects Day and Month" time="0"/>
  <testcase classname="| Admin | Admin123 |" name="Then user able to view home page successfully." time="0"/>
  <testcase classname="| Admin | Admin123 |" name="| Admin | Admin123 |" time="0"/>
  <testcase classname="| Admin | Admin123 |" name="Given user login to application" time="0"/>
  <testcase classname="| Admin | Admin123 |" name="When user logged in valid &quot;Admin&quot; and &quot;Admin123&quot;" time="0"/>
  <testcase classname="| Admin | Admin123 |" name="And user than selects Day and Month" time="0"/>
  <testcase classname="| Admin | Admin123 |" name="Then user able to view home page successfully." time="0"/>
  <testcase classname="| Admin | Admin123 |" name="| Admin | Admin123 |" time="0.001"/>
  <testcase classname="| Admin | Admin123 |" name="Given user login to application" time="0"/>
  <testcase classname="| Admin | Admin123 |" name="When user logged in valid &quot;Admin&quot; and &quot;Admin123&quot;" time="0"/>
  <testcase classname="| Admin | Admin123 |" name="And user than selects Day and Month" time="0"/>
  <testcase classname="| Admin | Admin123 |" name="Then user able to view home page successfully." time="0"/>
  <testcase classname="| Admin | Admin123 |" name="| Admin | Admin123 |" time="0"/>
  <testcase classname="| Admin | Admin123 |" name="Given user login to application" time="0"/>
  <testcase classname="| Admin | Admin123 |" name="When user logged in valid &quot;Admin&quot; and &quot;Admin123&quot;" time="0"/>
  <testcase classname="| Admin | Admin123 |" name="And user than selects Day and Month" time="0"/>
  <testcase classname="| Admin | Admin123 |" name="Then user able to view home page successfully." time="0"/>
  <testcase classname="| Admin | Admin123 |" name="| Admin | Admin123 |" time="0"/>
  <testcase classname="| Admin | Admin123 |" name="Given user login to application" time="0"/>
  <testcase classname="| Admin | Admin123 |" name="When user logged in valid &quot;Admin&quot; and &quot;Admin123&quot;" time="0"/>
  <testcase classname="| Admin | Admin123 |" name="And user than selects Day and Month" time="0"/>
  <testcase classname="| Admin | Admin123 |" name="Then user able to view home page successfully." time="0"/>
  <testcase classname="| Admin | Admin123 |" name="| Admin | Admin123 |" time="0"/>
  <testcase classname="| Admin | Admin123 |" name="Given user login to application" time="0"/>
  <testcase classname="| Admin | Admin123 |" name="When user logged in valid &quot;Admin&quot; and &quot;Admin123&quot;" time="0"/>
  <testcase classname="| Admin | Admin123 |" name="And user than selects Day and Month" time="0"/>
  <testcase classname="| Admin | Admin123 |" name="Then user able to view home page successfully." time="0"/>
  <testcase classname="| Admin | Admin123 |" name="| Admin | Admin123 |" time="0"/>
  <testcase classname="| Admin | Admin123 |" name="Given user login to application" time="0"/>
  <testcase classname="| Admin | Admin123 |" name="When user logged in valid &quot;Admin&quot; and &quot;Admin123&quot;" time="0"/>
  <testcase classname="| Admin | Admin123 |" name="And user than selects Day and Month" time="0"/>
  <testcase classname="| Admin | Admin123 |" name="Then user able to view home page successfully." time="0"/>
  <testcase classname="| Admin | Admin123 |" name="| Admin | Admin123 |" time="0"/>
  <testcase classname="| Admin | Admin123 |" name="Given user login to application" time="0"/>
  <testcase classname="| Admin | Admin123 |" name="When user logged in valid &quot;Admin&quot; and &quot;Admin123&quot;" time="0"/>
  <testcase classname="| Admin | Admin123 |" name="And user than selects Day and Month" time="0"/>
  <testcase classname="| Admin | Admin123 |" name="Then user able to view home page successfully." time="0"/>
  <testcase classname="| Admin | Admin123 |" name="| Admin | Admin123 |" time="0"/>
  <testcase classname="| Admin | Admin123 |" name="Given user login to application" time="0"/>
  <testcase classname="| Admin | Admin123 |" name="When user logged in valid &quot;Admin&quot; and &quot;Admin123&quot;" time="0"/>
  <testcase classname="| Admin | Admin123 |" name="And user than selects Day and Month" time="0"/>
  <testcase classname="| Admin | Admin123 |" name="Then user able to view home page successfully." time="0"/>
  <testcase classname="| Admin | Admin123 |" name="| Admin | Admin123 |" time="0"/>
  <testcase classname="| Admin | Admin123 |" name="Given user login to application" time="0"/>
  <testcase classname="| Admin | Admin123 |" name="When user logged in valid &quot;Admin&quot; and &quot;Admin123&quot;" time="0"/>
  <testcase classname="| Admin | Admin123 |" name="And user than selects Day and Month" time="0"/>
  <testcase classname="| Admin | Admin123 |" name="Then user able to view home page successfully." time="0"/>
  <testcase classname="| Admin | Admin123 |" name="| Admin | Admin123 |" time="0"/>
  <testcase classname="| Admin | Admin123 |" name="Given user login to application" time="0"/>
  <testcase classname="| Admin | Admin123 |" name="When user logged in valid &quot;Admin&quot; and &quot;Admin123&quot;" time="0"/>
  <testcase classname="| Admin | Admin123 |" name="And user than selects Day and Month" time="0"/>
  <testcase classname="| Admin | Admin123 |" name="Then user able to view home page successfully." time="0"/>
  <testcase classname="| Admin | Admin123 |" name="| Admin | Admin123 |" time="0"/>
  <testcase classname="| Admin | Admin123 |" name="Given user login to application" time="0"/>
  <testcase classname="| Admin | Admin123 |" name="When user logged in valid &quot;Admin&quot; and &quot;Admin123&quot;" time="0"/>
  <testcase classname="| Admin | Admin123 |" name="And user than selects Day and Month" time="0"/>
  <testcase classname="| Admin | Admin123 |" name="Then user able to view home page successfully." time="0"/>
  <testcase classname="| Admin | Admin123 |" name="| Admin | Admin123 |" time="0"/>
  <testcase classname="| Admin | Admin123 |" name="Given user login to application" time="0"/>
  <testcase classname="| Admin | Admin123 |" name="When user logged in valid &quot;Admin&quot; and &quot;Admin123&quot;" time="0"/>
  <testcase classname="| Admin | Admin123 |" name="And user than selects Day and Month" time="0"/>
  <testcase classname="| Admin | Admin123 |" name="Then user able to view home page successfully." time="0"/>
  <testcase classname="| Admin | Admin123 |" name="| Admin | Admin123 |" time="0"/>
  <testcase classname="| Admin | Admin123 |" name="Given user login to application" time="0"/>
  <testcase classname="| Admin | Admin123 |" name="When user logged in valid &quot;Admin&quot; and &quot;Admin123&quot;" time="0"/>
  <testcase classname="| Admin | Admin123 |" name="And user than selects Day and Month" time="0"/>
  <testcase classname="| Admin | Admin123 |" name="Then user able to view home page successfully." time="0"/>
  <testcase classname="| Admin | Admin123 |" name="| Admin | Admin123 |" time="0"/>
  <testcase classname="| Admin | Admin123 |" name="Given user login to application" time="0"/>
  <testcase classname="| Admin | Admin123 |" name="When user logged in valid &quot;Admin&quot; and &quot;Admin123&quot;" time="0"/>
  <testcase classname="| Admin | Admin123 |" name="And user than selects Day and Month" time="0"/>
  <testcase classname="| Admin | Admin123 |" name="Then user able to view home page successfully." time="0"/>
  <testcase classname="| Admin | Admin123 |" name="| Admin | Admin123 |" time="0"/>
  <testcase classname="| Admin | Admin123 |" name="Given user login to application" time="0"/>
  <testcase classname="| Admin | Admin123 |" name="When user logged in valid &quot;Admin&quot; and &quot;Admin123&quot;" time="0"/>
  <testcase classname="| Admin | Admin123 |" name="And user than selects Day and Month" time="0"/>
  <testcase classname="| Admin | Admin123 |" name="Then user able to view home page successfully." time="0"/>
  <testcase classname="| Admin | Admin123 |" name="| Admin | Admin123 |" time="0"/>
  <testcase classname="| Admin | Admin123 |" name="Given user login to application" time="0"/>
  <testcase classname="| Admin | Admin123 |" name="When user logged in valid &quot;Admin&quot; and &quot;Admin123&quot;" time="0"/>
  <testcase classname="| Admin | Admin123 |" name="And user than selects Day and Month" time="0"/>
  <testcase classname="| Admin | Admin123 |" name="Then user able to view home page successfully." time="0"/>
  <testcase classname="| Admin | Admin123 |" name="| Admin | Admin123 |" time="0"/>
  <testcase classname="| Admin | Admin123 |" name="Given user login to application" time="0"/>
  <testcase classname="| Admin | Admin123 |" name="When user logged in valid &quot;Admin&quot; and &quot;Admin123&quot;" time="0"/>
  <testcase classname="| Admin | Admin123 |" name="And user than selects Day and Month" time="0"/>
  <testcase classname="| Admin | Admin123 |" name="Then user able to view home page successfully." time="0"/>
  <testcase classname="| Admin | Admin123 |" name="| Admin | Admin123 |" time="0"/>
  <testcase classname="| Admin | Admin123 |" name="Given user login to application" time="0"/>
  <testcase classname="| Admin | Admin123 |" name="When user logged in valid &quot;Admin&quot; and &quot;Admin123&quot;" time="0"/>
  <testcase classname="| Admin | Admin123 |" name="And user than selects Day and Month" time="0"/>
  <testcase classname="| Admin | Admin123 |" name="Then user able to view home page successfully." time="0"/>
  <testcase classname="| Admin | Admin123 |" name="| Admin | Admin123 |" time="0"/>
  <testcase classname="| Admin | Admin123 |" name="Given user login to application" time="0"/>
  <testcase classname="| Admin | Admin123 |" name="When user logged in valid &quot;Admin&quot; and &quot;Admin123&quot;" time="0"/>
  <testcase classname="| Admin | Admin123 |" name="And user than selects Day and Month" time="0"/>
  <testcase classname="| Admin | Admin123 |" name="Then user able to view home page successfully." time="0"/>
  <testcase classname="| Admin | Admin123 |" name="| Admin | Admin123 |" time="0"/>
  <testcase classname="| Admin | Admin123 |" name="Given user login to application" time="0"/>
  <testcase classname="| Admin | Admin123 |" name="When user logged in valid &quot;Admin&quot; and &quot;Admin123&quot;" time="0"/>
  <testcase classname="| Admin | Admin123 |" name="And user than selects Day and Month" time="0"/>
  <testcase classname="| Admin | Admin123 |" name="Then user able to view home page successfully." time="0"/>
  <testcase classname="| Admin | Admin123 |" name="| Admin | Admin123 |" time="0.015"/>
  <testcase classname="| Admin | Admin123 |" name="Given user login to application" time="0"/>
  <testcase classname="| Admin | Admin123 |" name="When user logged in valid &quot;Admin&quot; and &quot;Admin123&quot;" time="0"/>
  <testcase classname="| Admin | Admin123 |" name="And user than selects Day and Month" time="0"/>
  <testcase classname="| Admin | Admin123 |" name="Then user able to view home page successfully." time="0"/>
  <testcase classname="| Admin | Admin123 |" name="| Admin | Admin123 |" time="0"/>
  <testcase classname="| Admin | Admin123 |" name="Given user login to application" time="0"/>
  <testcase classname="| Admin | Admin123 |" name="When user logged in valid &quot;Admin&quot; and &quot;Admin123&quot;" time="0"/>
  <testcase classname="| Admin | Admin123 |" name="And user than selects Day and Month" time="0"/>
  <testcase classname="| Admin | Admin123 |" name="Then user able to view home page successfully." time="0"/>
  <testcase classname="| Admin | Admin123 |" name="| Admin | Admin123 |" time="0"/>
  <testcase classname="| Admin | Admin123 |" name="Given user login to application" time="0"/>
  <testcase classname="| Admin | Admin123 |" name="When user logged in valid &quot;Admin&quot; and &quot;Admin123&quot;" time="0"/>
  <testcase classname="| Admin | Admin123 |" name="And user than selects Day and Month" time="0"/>
  <testcase classname="| Admin | Admin123 |" name="Then user able to view home page successfully." time="0"/>
  <testcase classname="| Admin | Admin123 |" name="| Admin | Admin123 |" time="0"/>
  <testcase classname="| Admin | Admin123 |" name="Given user login to application" time="0"/>
  <testcase classname="| Admin | Admin123 |" name="When user logged in valid &quot;Admin&quot; and &quot;Admin123&quot;" time="0"/>
  <testcase classname="| Admin | Admin123 |" name="And user than selects Day and Month" time="0"/>
  <testcase classname="| Admin | Admin123 |" name="Then user able to view home page successfully." time="0"/>
  <testcase classname="| Admin | Admin123 |" name="| Admin | Admin123 |" time="0"/>
  <testcase classname="| Admin | Admin123 |" name="Given user login to application" time="0"/>
  <testcase classname="| Admin | Admin123 |" name="When user logged in valid &quot;Admin&quot; and &quot;Admin123&quot;" time="0"/>
  <testcase classname="| Admin | Admin123 |" name="And user than selects Day and Month" time="0"/>
  <testcase classname="| Admin | Admin123 |" name="Then user able to view home page successfully." time="0"/>
  <testcase classname="| Admin | Admin123 |" name="| Admin | Admin123 |" time="0"/>
  <testcase classname="| Admin | Admin123 |" name="Given user login to application" time="0"/>
  <testcase classname="| Admin | Admin123 |" name="When user logged in valid &quot;Admin&quot; and &quot;Admin123&quot;" time="0"/>
  <testcase classname="| Admin | Admin123 |" name="And user than selects Day and Month" time="0"/>
  <testcase classname="| Admin | Admin123 |" name="Then user able to view home page successfully." time="0"/>
  <testcase classname="| Admin | Admin123 |" name="| Admin | Admin123 |" time="0"/>
  <testcase classname="| Admin | Admin123 |" name="Given user login to application" time="0"/>
  <testcase classname="| Admin | Admin123 |" name="When user logged in valid &quot;Admin&quot; and &quot;Admin123&quot;" time="0"/>
  <testcase classname="| Admin | Admin123 |" name="And user than selects Day and Month" time="0"/>
  <testcase classname="| Admin | Admin123 |" name="Then user able to view home page successfully." time="0"/>
  <testcase classname="| Admin | Admin123 |" name="| Admin | Admin123 |" time="0"/>
  <testcase classname="| Admin | Admin123 |" name="Given user login to application" time="0"/>
  <testcase classname="| Admin | Admin123 |" name="When user logged in valid &quot;Admin&quot; and &quot;Admin123&quot;" time="0"/>
  <testcase classname="| Admin | Admin123 |" name="And user than selects Day and Month" time="0"/>
  <testcase classname="| Admin | Admin123 |" name="Then user able to view home page successfully." time="0"/>
  <testcase classname="| Admin | Admin123 |" name="| Admin | Admin123 |" time="0"/>
  <testcase classname="| Admin | Admin123 |" name="Given user login to application" time="0"/>
  <testcase classname="| Admin | Admin123 |" name="When user logged in valid &quot;Admin&quot; and &quot;Admin123&quot;" time="0"/>
  <testcase classname="| Admin | Admin123 |" name="And user than selects Day and Month" time="0"/>
  <testcase classname="| Admin | Admin123 |" name="Then user able to view home page successfully." time="0"/>
  <testcase classname="| Admin | Admin123 |" name="| Admin | Admin123 |" time="0"/>
  <testcase classname="| Admin | Admin123 |" name="Given user login to application" time="0"/>
  <testcase classname="| Admin | Admin123 |" name="When user logged in valid &quot;Admin&quot; and &quot;Admin123&quot;" time="0"/>
  <testcase classname="| Admin | Admin123 |" name="And user than selects Day and Month" time="0"/>
  <testcase classname="| Admin | Admin123 |" name="Then user able to view home page successfully." time="0"/>
  <testcase classname="| Admin | Admin123 |" name="| Admin | Admin123 |" time="0"/>
  <testcase classname="| Admin | Admin123 |" name="Given user login to application" time="0"/>
  <testcase classname="| Admin | Admin123 |" name="When user logged in valid &quot;Admin&quot; and &quot;Admin123&quot;" time="0"/>
  <testcase classname="| Admin | Admin123 |" name="And user than selects Day and Month" time="0"/>
  <testcase classname="| Admin | Admin123 |" name="Then user able to view home page successfully." time="0"/>
  <testcase classname="| Admin | Admin123 |" name="| Admin | Admin123 |" time="0"/>
  <testcase classname="| Admin | Admin123 |" name="Given user login to application" time="0"/>
  <testcase classname="| Admin | Admin123 |" name="When user logged in valid &quot;Admin&quot; and &quot;Admin123&quot;" time="0"/>
  <testcase classname="| Admin | Admin123 |" name="And user than selects Day and Month" time="0"/>
  <testcase classname="| Admin | Admin123 |" name="Then user able to view home page successfully." time="0"/>
  <testcase classname="| Admin | Admin123 |" name="| Admin | Admin123 |" time="0"/>
  <testcase classname="| Admin | Admin123 |" name="Given user login to application" time="0"/>
  <testcase classname="| Admin | Admin123 |" name="When user logged in valid &quot;Admin&quot; and &quot;Admin123&quot;" time="0"/>
  <testcase classname="| Admin | Admin123 |" name="And user than selects Day and Month" time="0"/>
  <testcase classname="| Admin | Admin123 |" name="Then user able to view home page successfully." time="0"/>
  <testcase classname="| Admin | Admin123 |" name="| Admin | Admin123 |" time="0"/>
  <testcase classname="| Admin | Admin123 |" name="Given user login to application" time="0"/>
  <testcase classname="| Admin | Admin123 |" name="When user logged in valid &quot;Admin&quot; and &quot;Admin123&quot;" time="0"/>
  <testcase classname="| Admin | Admin123 |" name="And user than selects Day and Month" time="0"/>
  <testcase classname="| Admin | Admin123 |" name="Then user able to view home page successfully." time="0"/>
  <testcase classname="| Admin | Admin123 |" name="| Admin | Admin123 |" time="0"/>
  <testcase classname="| Admin | Admin123 |" name="Given user login to application" time="0"/>
  <testcase classname="| Admin | Admin123 |" name="When user logged in valid &quot;Admin&quot; and &quot;Admin123&quot;" time="0"/>
  <testcase classname="| Admin | Admin123 |" name="And user than selects Day and Month" time="0"/>
  <testcase classname="| Admin | Admin123 |" name="Then user able to view home page successfully." time="0"/>
  <testcase classname="| Admin | Admin123 |" name="| Admin | Admin123 |" time="0"/>
  <testcase classname="| Admin | Admin123 |" name="Given user login to application" time="0"/>
  <testcase classname="| Admin | Admin123 |" name="When user logged in valid &quot;Admin&quot; and &quot;Admin123&quot;" time="0"/>
  <testcase classname="| Admin | Admin123 |" name="And user than selects Day and Month" time="0"/>
  <testcase classname="| Admin | Admin123 |" name="Then user able to view home page successfully." time="0"/>
  <testcase classname="| Admin | Admin123 |" name="| Admin | Admin123 |" time="0"/>
  <testcase classname="| Admin | Admin123 |" name="Given user login to application" time="0"/>
  <testcase classname="| Admin | Admin123 |" name="When user logged in valid &quot;Admin&quot; and &quot;Admin123&quot;" time="0"/>
  <testcase classname="| Admin | Admin123 |" name="And user than selects Day and Month" time="0"/>
  <testcase classname="| Admin | Admin123 |" name="Then user able to view home page successfully." time="0"/>
  <testcase classname="| Admin | Admin123 |" name="| Admin | Admin123 |" time="0"/>
</testsuite>